<?xml version="1.0" encoding="UTF-8"?>
<testng-results skipped="0" failed="0" ignored="0" total="1" passed="1">
  <reporter-output>
  </reporter-output>
  <suite name="All Test Suite" duration-ms="41698" started-at="2023-01-10T00:10:41 AST" finished-at="2023-01-10T00:11:22 AST">
    <groups>
    </groups>
    <test name="checksumoperatiom" duration-ms="41698" started-at="2023-01-10T00:10:41 AST" finished-at="2023-01-10T00:11:22 AST">
      <class name="testcases.TC01_checksumeoperation">
        <test-method status="PASS" signature="prepare()[pri:0, instance:testcases.TC01_checksumeoperation@7494e528]" name="prepare" is-config="true" duration-ms="16949" started-at="2023-01-10T00:10:41 AST" finished-at="2023-01-10T00:10:58 AST">
          <reporter-output>
          </reporter-output>
        </test-method> <!-- prepare -->
        <test-method status="PASS" signature="checksumoperation()[pri:1, instance:testcases.TC01_checksumeoperation@7494e528]" name="checksumoperation" duration-ms="24007" started-at="2023-01-10T00:10:58 AST" finished-at="2023-01-10T00:11:22 AST">
          <reporter-output>
          </reporter-output>
        </test-method> <!-- checksumoperation -->
        <test-method status="PASS" signature="TearDown()[pri:0, instance:testcases.TC01_checksumeoperation@7494e528]" name="TearDown" is-config="true" duration-ms="695" started-at="2023-01-10T00:11:22 AST" finished-at="2023-01-10T00:11:22 AST">
          <reporter-output>
          </reporter-output>
        </test-method> <!-- TearDown -->
      </class> <!-- testcases.TC01_checksumeoperation -->
    </test> <!-- checksumoperatiom -->
  </suite> <!-- All Test Suite -->
</testng-results>
